<?xml version="1.0" encoding="UTF-8"?>
<testsuite xmlns:xsi="http://www.w3.org/2001/XMLSchema-instance" xsi:noNamespaceSchemaLocation="https://maven.apache.org/surefire/maven-surefire-plugin/xsd/surefire-test-report-3.0.xsd" version="3.0" name="com.example.AppTest" time="0.011" tests="1" errors="0" skipped="0" failures="0">
  <properties>
    <property name="java.specification.version" value="17"/>
    <property name="sun.cpu.isalist" value="amd64"/>
    <property name="sun.jnu.encoding" value="Cp1252"/>
    <property name="java.class.path" value="C:\temp\gRPCLab\td0_project\target\test-classes;C:\temp\gRPCLab\td0_project\target\classes;C:\Users\USER\.m2\repository\junit\junit\3.8.1\junit-3.8.1.jar;C:\Users\USER\.m2\repository\com\google\protobuf\protobuf-java\3.24.0\protobuf-java-3.24.0.jar;C:\Users\USER\.m2\repository\io\grpc\grpc-stub\1.58.0\grpc-stub-1.58.0.jar;C:\Users\USER\.m2\repository\io\grpc\grpc-api\1.58.0\grpc-api-1.58.0.jar;C:\Users\USER\.m2\repository\com\google\guava\guava\32.0.1-android\guava-32.0.1-android.jar;C:\Users\USER\.m2\repository\com\google\guava\failureaccess\1.0.1\failureaccess-1.0.1.jar;C:\Users\USER\.m2\repository\com\google\guava\listenablefuture\9999.0-empty-to-avoid-conflict-with-guava\listenablefuture-9999.0-empty-to-avoid-conflict-with-guava.jar;C:\Users\USER\.m2\repository\org\checkerframework\checker-qual\3.33.0\checker-qual-3.33.0.jar;C:\Users\USER\.m2\repository\com\google\j2objc\j2objc-annotations\2.8\j2objc-annotations-2.8.jar;C:\Users\USER\.m2\repository\com\google\errorprone\error_prone_annotations\2.20.0\error_prone_annotations-2.20.0.jar;C:\Users\USER\.m2\repository\jakarta\annotation\jakarta.annotation-api\1.3.5\jakarta.annotation-api-1.3.5.jar;C:\Users\USER\.m2\repository\io\grpc\grpc-protobuf\1.58.0\grpc-protobuf-1.58.0.jar;C:\Users\USER\.m2\repository\com\google\code\findbugs\jsr305\3.0.2\jsr305-3.0.2.jar;C:\Users\USER\.m2\repository\com\google\api\grpc\proto-google-common-protos\2.22.0\proto-google-common-protos-2.22.0.jar;C:\Users\USER\.m2\repository\io\grpc\grpc-protobuf-lite\1.58.0\grpc-protobuf-lite-1.58.0.jar;C:\Users\USER\.m2\repository\io\grpc\grpc-netty\1.58.0\grpc-netty-1.58.0.jar;C:\Users\USER\.m2\repository\io\grpc\grpc-core\1.58.0\grpc-core-1.58.0.jar;C:\Users\USER\.m2\repository\com\google\code\gson\gson\2.10.1\gson-2.10.1.jar;C:\Users\USER\.m2\repository\com\google\android\annotations\4.1.1.4\annotations-4.1.1.4.jar;C:\Users\USER\.m2\repository\org\codehaus\mojo\animal-sniffer-annotations\1.23\animal-sniffer-annotations-1.23.jar;C:\Users\USER\.m2\repository\io\grpc\grpc-context\1.58.0\grpc-context-1.58.0.jar;C:\Users\USER\.m2\repository\io\grpc\grpc-util\1.58.0\grpc-util-1.58.0.jar;C:\Users\USER\.m2\repository\io\netty\netty-codec-http2\4.1.93.Final\netty-codec-http2-4.1.93.Final.jar;C:\Users\USER\.m2\repository\io\netty\netty-common\4.1.93.Final\netty-common-4.1.93.Final.jar;C:\Users\USER\.m2\repository\io\netty\netty-buffer\4.1.93.Final\netty-buffer-4.1.93.Final.jar;C:\Users\USER\.m2\repository\io\netty\netty-transport\4.1.93.Final\netty-transport-4.1.93.Final.jar;C:\Users\USER\.m2\repository\io\netty\netty-resolver\4.1.93.Final\netty-resolver-4.1.93.Final.jar;C:\Users\USER\.m2\repository\io\netty\netty-codec\4.1.93.Final\netty-codec-4.1.93.Final.jar;C:\Users\USER\.m2\repository\io\netty\netty-handler\4.1.93.Final\netty-handler-4.1.93.Final.jar;C:\Users\USER\.m2\repository\io\netty\netty-codec-http\4.1.93.Final\netty-codec-http-4.1.93.Final.jar;C:\Users\USER\.m2\repository\io\netty\netty-handler-proxy\4.1.93.Final\netty-handler-proxy-4.1.93.Final.jar;C:\Users\USER\.m2\repository\io\netty\netty-codec-socks\4.1.93.Final\netty-codec-socks-4.1.93.Final.jar;C:\Users\USER\.m2\repository\io\perfmark\perfmark-api\0.26.0\perfmark-api-0.26.0.jar;C:\Users\USER\.m2\repository\io\netty\netty-transport-native-unix-common\4.1.93.Final\netty-transport-native-unix-common-4.1.93.Final.jar;"/>
    <property name="java.vm.vendor" value="Oracle Corporation"/>
    <property name="sun.arch.data.model" value="64"/>
    <property name="user.variant" value=""/>
    <property name="java.vendor.url" value="https://java.oracle.com/"/>
    <property name="user.timezone" value="Asia/Beirut"/>
    <property name="os.name" value="Windows 11"/>
    <property name="java.vm.specification.version" value="17"/>
    <property name="sun.java.launcher" value="SUN_STANDARD"/>
    <property name="user.country" value="US"/>
    <property name="sun.boot.library.path" value="C:\Program Files\Java\jdk-17\bin"/>
    <property name="sun.java.command" value="C:\Users\USER\AppData\Local\Temp\surefire14727536073766606077\surefirebooter-20250404231448269_3.jar C:\Users\USER\AppData\Local\Temp\surefire14727536073766606077 2025-04-04T23-14-48_101-jvmRun1 surefire-20250404231448269_1tmp surefire_0-20250404231448269_2tmp"/>
    <property name="jdk.debug" value="release"/>
    <property name="surefire.test.class.path" value="C:\temp\gRPCLab\td0_project\target\test-classes;C:\temp\gRPCLab\td0_project\target\classes;C:\Users\USER\.m2\repository\junit\junit\3.8.1\junit-3.8.1.jar;C:\Users\USER\.m2\repository\com\google\protobuf\protobuf-java\3.24.0\protobuf-java-3.24.0.jar;C:\Users\USER\.m2\repository\io\grpc\grpc-stub\1.58.0\grpc-stub-1.58.0.jar;C:\Users\USER\.m2\repository\io\grpc\grpc-api\1.58.0\grpc-api-1.58.0.jar;C:\Users\USER\.m2\repository\com\google\guava\guava\32.0.1-android\guava-32.0.1-android.jar;C:\Users\USER\.m2\repository\com\google\guava\failureaccess\1.0.1\failureaccess-1.0.1.jar;C:\Users\USER\.m2\repository\com\google\guava\listenablefuture\9999.0-empty-to-avoid-conflict-with-guava\listenablefuture-9999.0-empty-to-avoid-conflict-with-guava.jar;C:\Users\USER\.m2\repository\org\checkerframework\checker-qual\3.33.0\checker-qual-3.33.0.jar;C:\Users\USER\.m2\repository\com\google\j2objc\j2objc-annotations\2.8\j2objc-annotations-2.8.jar;C:\Users\USER\.m2\repository\com\google\errorprone\error_prone_annotations\2.20.0\error_prone_annotations-2.20.0.jar;C:\Users\USER\.m2\repository\jakarta\annotation\jakarta.annotation-api\1.3.5\jakarta.annotation-api-1.3.5.jar;C:\Users\USER\.m2\repository\io\grpc\grpc-protobuf\1.58.0\grpc-protobuf-1.58.0.jar;C:\Users\USER\.m2\repository\com\google\code\findbugs\jsr305\3.0.2\jsr305-3.0.2.jar;C:\Users\USER\.m2\repository\com\google\api\grpc\proto-google-common-protos\2.22.0\proto-google-common-protos-2.22.0.jar;C:\Users\USER\.m2\repository\io\grpc\grpc-protobuf-lite\1.58.0\grpc-protobuf-lite-1.58.0.jar;C:\Users\USER\.m2\repository\io\grpc\grpc-netty\1.58.0\grpc-netty-1.58.0.jar;C:\Users\USER\.m2\repository\io\grpc\grpc-core\1.58.0\grpc-core-1.58.0.jar;C:\Users\USER\.m2\repository\com\google\code\gson\gson\2.10.1\gson-2.10.1.jar;C:\Users\USER\.m2\repository\com\google\android\annotations\4.1.1.4\annotations-4.1.1.4.jar;C:\Users\USER\.m2\repository\org\codehaus\mojo\animal-sniffer-annotations\1.23\animal-sniffer-annotations-1.23.jar;C:\Users\USER\.m2\repository\io\grpc\grpc-context\1.58.0\grpc-context-1.58.0.jar;C:\Users\USER\.m2\repository\io\grpc\grpc-util\1.58.0\grpc-util-1.58.0.jar;C:\Users\USER\.m2\repository\io\netty\netty-codec-http2\4.1.93.Final\netty-codec-http2-4.1.93.Final.jar;C:\Users\USER\.m2\repository\io\netty\netty-common\4.1.93.Final\netty-common-4.1.93.Final.jar;C:\Users\USER\.m2\repository\io\netty\netty-buffer\4.1.93.Final\netty-buffer-4.1.93.Final.jar;C:\Users\USER\.m2\repository\io\netty\netty-transport\4.1.93.Final\netty-transport-4.1.93.Final.jar;C:\Users\USER\.m2\repository\io\netty\netty-resolver\4.1.93.Final\netty-resolver-4.1.93.Final.jar;C:\Users\USER\.m2\repository\io\netty\netty-codec\4.1.93.Final\netty-codec-4.1.93.Final.jar;C:\Users\USER\.m2\repository\io\netty\netty-handler\4.1.93.Final\netty-handler-4.1.93.Final.jar;C:\Users\USER\.m2\repository\io\netty\netty-codec-http\4.1.93.Final\netty-codec-http-4.1.93.Final.jar;C:\Users\USER\.m2\repository\io\netty\netty-handler-proxy\4.1.93.Final\netty-handler-proxy-4.1.93.Final.jar;C:\Users\USER\.m2\repository\io\netty\netty-codec-socks\4.1.93.Final\netty-codec-socks-4.1.93.Final.jar;C:\Users\USER\.m2\repository\io\perfmark\perfmark-api\0.26.0\perfmark-api-0.26.0.jar;C:\Users\USER\.m2\repository\io\netty\netty-transport-native-unix-common\4.1.93.Final\netty-transport-native-unix-common-4.1.93.Final.jar;"/>
    <property name="sun.cpu.endian" value="little"/>
    <property name="user.home" value="C:\Users\USER"/>
    <property name="user.language" value="en"/>
    <property name="java.specification.vendor" value="Oracle Corporation"/>
    <property name="java.version.date" value="2024-07-16"/>
    <property name="java.home" value="C:\Program Files\Java\jdk-17"/>
    <property name="file.separator" value="\"/>
    <property name="basedir" value="C:\temp\gRPCLab\td0_project"/>
    <property name="java.vm.compressedOopsMode" value="Zero based"/>
    <property name="line.separator" value="&#10;"/>
    <property name="java.vm.specification.vendor" value="Oracle Corporation"/>
    <property name="java.specification.name" value="Java Platform API Specification"/>
    <property name="surefire.real.class.path" value="C:\Users\USER\AppData\Local\Temp\surefire14727536073766606077\surefirebooter-20250404231448269_3.jar"/>
    <property name="user.script" value=""/>
    <property name="sun.management.compiler" value="HotSpot 64-Bit Tiered Compilers"/>
    <property name="java.runtime.version" value="17.0.12+8-LTS-286"/>
    <property name="user.name" value="USER"/>
    <property name="path.separator" value=";"/>
    <property name="os.version" value="10.0"/>
    <property name="java.runtime.name" value="Java(TM) SE Runtime Environment"/>
    <property name="file.encoding" value="Cp1252"/>
    <property name="java.vm.name" value="Java HotSpot(TM) 64-Bit Server VM"/>
    <property name="localRepository" value="C:\Users\USER\.m2\repository"/>
    <property name="java.vendor.url.bug" value="https://bugreport.java.com/bugreport/"/>
    <property name="java.io.tmpdir" value="C:\Users\USER\AppData\Local\Temp\"/>
    <property name="java.version" value="17.0.12"/>
    <property name="user.dir" value="C:\temp\gRPCLab\td0_project"/>
    <property name="os.arch" value="amd64"/>
    <property name="java.vm.specification.name" value="Java Virtual Machine Specification"/>
    <property name="sun.os.patch.level" value=""/>
    <property name="native.encoding" value="Cp1252"/>
    <property name="java.library.path" value="C:\Program Files\Java\jdk-17\bin;C:\WINDOWS\Sun\Java\bin;C:\WINDOWS\system32;C:\WINDOWS;C:\Program Files\Common Files\Oracle\Java\javapath;C:\Program Files (x86)\Common Files\Oracle\Java\java8path;C:\Program Files (x86)\Common Files\Oracle\Java\javapath;C:\Windows\system32;C:\Windows;C:\Windows\System32\Wbem;C:\Windows\System32\WindowsPowerShell\v1.0\;C:\Windows\System32\OpenSSH\;C:\Program Files (x86)\NVIDIA Corporation\PhysX\Common;C:\WINDOWS\system32;C:\WINDOWS;C:\WINDOWS\System32\Wbem;C:\WINDOWS\System32\WindowsPowerShell\v1.0\;C:\WINDOWS\System32\OpenSSH\;C:\Program Files\MATLAB\R2022b\runtime\win64;C:\Program Files\MATLAB\R2022b\bin;C:\Program Files\Microsoft VS Code\bin;C:\Program Files\Git\cmd;C:\Program Files (x86)\Microsoft SQL Server\160\Tools\Binn\;C:\Program Files\Microsoft SQL Server\160\Tools\Binn\;C:\Program Files\Microsoft SQL Server\Client SDK\ODBC\170\Tools\Binn\;C:\Program Files\Microsoft SQL Server\160\DTS\Binn\;C:\Program Files\Azure Data Studio\bin;C:\Program Files (x86)\Microsoft SQL Server\160\DTS\Binn\;C:\Program Files\Java\jdk-17\bin;C:\Program Files\Java\jdk-17\bin;C:\Program Files\Java\server-jre-8u421-windows-x64.tar.gz\jdk1.8.0_421\bin;C:\Program Files\nodejs\;C:\Users\USER\AppData\Roaming\npm;C:\Program Files\MongoDB\Server\8.0\bin;C:\Program Files\Graphviz\bin;C:\Program Files\Apache\Maven\apache-maven-3.9.9\bin;C:\Program Files\protoc\protoc25\bin;C:\Users\USER\AppData\Local\Programs\Python\Python312\Scripts\;C:\Users\USER\AppData\Local\Programs\Python\Python312\;C:\Users\USER\AppData\Local\Microsoft\WindowsApps;C:\msys64\New folder\ucrt64\bin;;C:\Program Files\Azure Data Studio\bin;C:\Users\USER\AppData\Roaming\npm;C:\Program Files\mongosh\;C:\Program Files\JetBrains\IntelliJ IDEA 2024.3.2.2\bin;;."/>
    <property name="java.vm.info" value="mixed mode, sharing"/>
    <property name="java.vendor" value="Oracle Corporation"/>
    <property name="java.vm.version" value="17.0.12+8-LTS-286"/>
    <property name="sun.io.unicode.encoding" value="UnicodeLittle"/>
    <property name="java.class.version" value="61.0"/>
  </properties>
  <testcase name="testApp" classname="com.example.AppTest" time="0.001"/>
</testsuite>